19.3.2023, 13:04:23 - DEBUG - auth.service - login with username: admin 
19.3.2023, 13:04:23 - INFO - User login:  | {"_id":"64146adef3a0a8d2555c3598","username":"admin","fullname":"admin","isAdmin":true} 
19.3.2023, 13:04:23 - DEBUG - User token:  | 95ee0aebef7cb4a75ff84b093ceb10c87941334496bc487c0bc3b4aeffba9d21fdb82bfd1588593622acc227dfc5bfb7e72cea5eb83f5e002f4d7a3085be6fb936934b6b13f9d97c5a42b08e707f9b21b413deb16488411ceacbf40c88d4881ec823a0efd06af49aecd5cdfa28ab7411cf9f852aa2de0b95f89fa0af7abb9a12ebdd5e6e0207dbe90c8b6ef12cdd55f2b6a5924413671d85df8b430e6c87e14f02ebb196 
19.3.2023, 13:04:23 - DEBUG - cookies:  | {"loginToken":"1079e8725736c38e5d0fef6510c2fa9e063048a292ea6ce9ff54568af8153fbee85ccddb424645fd2cd6f28fcb4c3e2b448e5f3a1ee4e93ace6f4a83e79c9c7b1e5bc95a445b7dfa29769be9a8def7368edaf6772f8d4a5311a8660f5576b4c46c1be2431c29b9c3e795680ce220e8b3049256983abbdf42f1d4d71845604556f8235f3ff02f8edda11f05be1e91b784aa515bdef5979c8512a7576a48c2609ff67aa670"} 
19.3.2023, 13:04:34 - DEBUG - auth.service - login with username: admin 
19.3.2023, 13:04:34 - INFO - User login:  | {"_id":"64146adef3a0a8d2555c3598","username":"admin","fullname":"admin","isAdmin":true} 
19.3.2023, 13:04:34 - DEBUG - cookies:  | {} 
19.3.2023, 13:04:34 - DEBUG - User token:  | a1b19a53585136928575e7c31705921e9145a960039e26123289ce80efa7ec4c16fb0ab3b3a3beade10f3f3ccef0b54155f13af782262ef16cab0a93980cfd42ad2468920d3934c66a0a14eee93b555e9d8de245d4b311f3c277bf1d40ddf92ba3ab05efdeec158acd0e47cbf42df0003b7efdfd929558287e7d838347a041860a9a7644e54a634f971a71b4620bfc0b644da1ade66d13156fa4b5dc7a8fa7018efd690a 
19.3.2023, 13:04:57 - INFO - Server is running on port: 3030 
19.3.2023, 13:05:01 - DEBUG - auth.service - login with username: admin 
19.3.2023, 13:05:01 - DEBUG - User token:  | 5507319e07f2b24b5823ddef6c24d72da48db03b3b223b574241651af75984c03cabf15ee3abb1651832f97e99331ae61da8ee9ca108cd320f5d0d5e4f9d9cd5167fcc29ce52d305a706ce0e131d665e0fc12a85bf3e3601ffc643ae7c244d593107dd727fe9101c7c780660c36a8956dd0ec25143418800fe4200338491cd7eca9e52e18e2e482cf3e0721f7ac1c4a4db3a296968664f1db744b4d4955431d75f317022 
19.3.2023, 13:05:01 - INFO - User login:  | {"_id":"64146adef3a0a8d2555c3598","username":"admin","fullname":"admin","isAdmin":true} 
19.3.2023, 13:05:01 - DEBUG - cookies:  | {"loginToken":"a1b19a53585136928575e7c31705921e9145a960039e26123289ce80efa7ec4c16fb0ab3b3a3beade10f3f3ccef0b54155f13af782262ef16cab0a93980cfd42ad2468920d3934c66a0a14eee93b555e9d8de245d4b311f3c277bf1d40ddf92ba3ab05efdeec158acd0e47cbf42df0003b7efdfd929558287e7d838347a041860a9a7644e54a634f971a71b4620bfc0b644da1ade66d13156fa4b5dc7a8fa7018efd690a"} 
19.3.2023, 13:05:32 - DEBUG - auth.service - login with username: admin 
19.3.2023, 13:05:32 - INFO - User login:  | {"_id":"64146adef3a0a8d2555c3598","username":"admin","fullname":"admin","isAdmin":true} 
19.3.2023, 13:05:32 - DEBUG - User token:  | 19921dcdc6c774495ad85a02efb5abc4ba2508105a0e7ca8ea710051129fa96df9962a1ce0f4908765085600a4584e0071aea8bc2a57544d9cb9533f522754882fdc42c8e7e7b39772755226f375682cc8e4f55439af06ec10e99bdd2ea60faa3e103d93e3409960a01c9b3f128f11700383954a502e28b93686e109a7fd07a1a5721dd2eb3ade37a5b88f2f57c0e2c15dd1993f5914d0759c5dafd692a5fd37cc885f64 
19.3.2023, 13:05:32 - DEBUG - cookies:  | {} 
19.3.2023, 13:05:56 - INFO - Server is running on port: 3030 
19.3.2023, 13:06:02 - DEBUG - auth.service - login with username: admin 
19.3.2023, 13:06:02 - INFO - User login:  | {"_id":"64146adef3a0a8d2555c3598","username":"admin","fullname":"admin","isAdmin":true} 
19.3.2023, 13:06:02 - DEBUG - User token:  | 99222c5c4e077f2c3bd44ebe17c34e804405f14caa1f30fed9cd45f0e0eb145aa59c750520f6628fef17f9917c746f709b6b3d7de0a1557569b6a348f5f708744f3c5614494ab67ea168cc0986ae933203133346f07cff52c5ec209418e13bd0c1ad46c919981e0a4577164db9013360475f29cbd5e2463f3215486f883958638db7521de5cee7b95eb0b4a984163fb6e85fec9abf73720c54bfc8f4a462cef4d95125bd 
19.3.2023, 13:06:12 - DEBUG - requireAuth cookies | 99222c5c4e077f2c3bd44ebe17c34e804405f14caa1f30fed9cd45f0e0eb145aa59c750520f6628fef17f9917c746f709b6b3d7de0a1557569b6a348f5f708744f3c5614494ab67ea168cc0986ae933203133346f07cff52c5ec209418e13bd0c1ad46c919981e0a4577164db9013360475f29cbd5e2463f3215486f883958638db7521de5cee7b95eb0b4a984163fb6e85fec9abf73720c54bfc8f4a462cef4d95125bd 
19.3.2023, 13:06:41 - INFO - Req was made 
19.3.2023, 13:06:41 - DEBUG - Getting Toys | {} 
19.3.2023, 13:06:47 - DEBUG - auth.service - login with username: admin 
19.3.2023, 13:06:47 - INFO - User login:  | {"_id":"64146adef3a0a8d2555c3598","username":"admin","fullname":"admin","isAdmin":true} 
19.3.2023, 13:06:47 - DEBUG - User token:  | d6a82e9143561ced5fe371c58d670542abb8dbff965a732a9eb44d2d59ddcaef52445a6643d49b87f7b49ce4b27fa8b4b2eece3f9ee60130aa995db5e07b8dc2c6ffd0871d5fcc7cf94ee17e792ca2dfdbd4ef2a52002b10d6c939635627ae52e4047f4b86f904c4a75316d5f841208003c4ea5640954b7ab24df3f5e70d854f7b1f3adcd1af1f497dd39a2a3b06a636fdf7a6905e621e37bf29fc993ff2f635666b106f 
19.3.2023, 13:07:04 - DEBUG - requireAuth cookies |  
19.3.2023, 13:07:05 - INFO - Req was made 
19.3.2023, 13:07:05 - DEBUG - Getting Toys | {} 
19.3.2023, 13:09:42 - INFO - Req was made 
19.3.2023, 13:09:42 - DEBUG - Getting Toys | {} 
19.3.2023, 13:09:53 - INFO - Req was made 
19.3.2023, 13:09:53 - DEBUG - Getting Toys | {} 
19.3.2023, 13:09:55 - DEBUG - auth.service - login with username: eden 
19.3.2023, 13:09:55 - ERROR - Failed to Login Invalid username or password 
19.3.2023, 13:09:56 - INFO - Req was made 
19.3.2023, 13:09:56 - DEBUG - Getting Toys | {} 
19.3.2023, 13:10:01 - DEBUG - auth.service - login with username: admin 
19.3.2023, 13:10:01 - INFO - User login:  | {"_id":"64146adef3a0a8d2555c3598","username":"admin","fullname":"admin","isAdmin":true} 
19.3.2023, 13:10:01 - DEBUG - User token:  | bb96e7e82418e210fe4078d83feda4d52f185a80097ab9e2669cf3ed83880108237b3c77a7a3daafa2dc330577147d7029666fe093695abf264f352296c5d06be83f07e4795c8d284ee90300c297ebb5ee29e21703ccd64fb45d89ac3dc51fba166301cd08e1deee0de4e5a9ffb09f23d376e2f8a7389de9bb20f0b3eb37b7873946499fd89210e64fc6cf589b4dde0f10e4ea05d0a4e4a323d366bb08372583a55c4615 
19.3.2023, 13:10:12 - DEBUG - requireAuth cookies |  
19.3.2023, 13:10:13 - INFO - Req was made 
19.3.2023, 13:10:13 - DEBUG - Getting Toys | {} 
19.3.2023, 13:11:46 - INFO - Req was made 
19.3.2023, 13:11:46 - DEBUG - Getting Toys | {} 
19.3.2023, 13:11:48 - INFO - Req was made 
19.3.2023, 13:11:48 - DEBUG - Getting Toys | {} 
19.3.2023, 13:11:51 - DEBUG - auth.service - login with username: admin 
19.3.2023, 13:11:52 - INFO - User login:  | {"_id":"64146adef3a0a8d2555c3598","username":"admin","fullname":"admin","isAdmin":true} 
19.3.2023, 13:11:52 - DEBUG - User token:  | 080156734c5f1bf34c82feec4cd7e8a26094414dd1f7fb677fc5f80548959f8bbb78f3b24fdc396441a7eed2ed10c9cdfdfafc31da309cd4ac8e6a3c92b97e53e434fefecbb252e7872fb83863643fdb9e1977645a0950b3ab50d2a1b50ba3b64722c6f4502047b2227495f7e372db8116c151ce1c6835141281b710e7bb0271dd5a68de2b3366e7898116fad487326ff23014abf9515220ad669baa191ed8d35998149d 
19.3.2023, 13:11:57 - DEBUG - requireAuth cookies |  
19.3.2023, 13:11:58 - DEBUG - Getting Toys | {} 
19.3.2023, 13:11:58 - INFO - Req was made 
19.3.2023, 13:12:44 - INFO - Server is running on port: 3030 
19.3.2023, 13:13:06 - INFO - Server is running on port: 3030 
19.3.2023, 13:15:00 - DEBUG - auth.service - login with username: admin 
19.3.2023, 13:15:00 - INFO - User login:  | {"_id":"64146adef3a0a8d2555c3598","username":"admin","fullname":"admin","isAdmin":true} 
19.3.2023, 13:15:07 - DEBUG - requireAuth cookies |  
19.3.2023, 13:15:08 - INFO - Req was made 
19.3.2023, 13:15:08 - DEBUG - Getting Toys | {} 
19.3.2023, 13:24:09 - INFO - Req was made 
19.3.2023, 13:24:09 - DEBUG - Getting Toys | {} 
19.3.2023, 13:24:14 - DEBUG - auth.service - login with username: admin 
19.3.2023, 13:24:14 - INFO - User login:  | {"_id":"64146adef3a0a8d2555c3598","username":"admin","fullname":"admin","isAdmin":true} 
19.3.2023, 13:24:21 - DEBUG - requireAuth cookies |  
19.3.2023, 13:24:23 - DEBUG - Getting Toys | {} 
19.3.2023, 13:24:23 - INFO - Req was made 
19.3.2023, 13:27:17 - INFO - Req was made 
19.3.2023, 13:27:17 - DEBUG - Getting Toys | {} 
19.3.2023, 13:27:29 - DEBUG - auth.service - login with username: admin 
19.3.2023, 13:27:29 - INFO - User login:  | {"_id":"64146adef3a0a8d2555c3598","username":"admin","fullname":"admin","isAdmin":true} 
19.3.2023, 13:27:49 - DEBUG - requireAuth cookies | 99222c5c4e077f2c3bd44ebe17c34e804405f14caa1f30fed9cd45f0e0eb145aa59c750520f6628fef17f9917c746f709b6b3d7de0a1557569b6a348f5f708744f3c5614494ab67ea168cc0986ae933203133346f07cff52c5ec209418e13bd0c1ad46c919981e0a4577164db9013360475f29cbd5e2463f3215486f883958638db7521de5cee7b95eb0b4a984163fb6e85fec9abf73720c54bfc8f4a462cef4d95125bd 
19.3.2023, 13:50:27 - INFO - Req was made 
19.3.2023, 13:50:27 - DEBUG - Getting Toys | {} 
19.3.2023, 13:51:12 - INFO - Req was made 
19.3.2023, 13:51:12 - DEBUG - Getting Toys | {} 
19.3.2023, 13:51:19 - DEBUG - auth.service - login with username: admin 
19.3.2023, 13:51:19 - INFO - User login:  | {"_id":"64146adef3a0a8d2555c3598","username":"admin","fullname":"admin","isAdmin":true} 
19.3.2023, 13:51:27 - DEBUG - requireAuth cookies | 75bd2a6c8922f8331b0f3701fa93dac7c2526f2128affad3d1a5ef30bb1a37a7e79b5eb252e0da7a7a4d07954141f496ebca23ceea3445a5339e802b1386a9ebf1268a761d28189fe69aa99ad05a0857c31515e24f6cfc879e4c5612aeac4f199555551c80c9e9ab3601cc2ea69b1d74b140303b1c348c622372dd63ead7f626378a515bb99d47b8f7cc5d2c0e1a48077407f9d99d02e0b2715fecf642c08179a9a6eb75 
19.3.2023, 13:52:35 - INFO - Req was made 
19.3.2023, 13:52:35 - DEBUG - Getting Toys | {} 
19.3.2023, 13:52:44 - DEBUG - requireAuth cookies | 75bd2a6c8922f8331b0f3701fa93dac7c2526f2128affad3d1a5ef30bb1a37a7e79b5eb252e0da7a7a4d07954141f496ebca23ceea3445a5339e802b1386a9ebf1268a761d28189fe69aa99ad05a0857c31515e24f6cfc879e4c5612aeac4f199555551c80c9e9ab3601cc2ea69b1d74b140303b1c348c622372dd63ead7f626378a515bb99d47b8f7cc5d2c0e1a48077407f9d99d02e0b2715fecf642c08179a9a6eb75 
19.3.2023, 13:52:47 - DEBUG - requireAuth cookies | 75bd2a6c8922f8331b0f3701fa93dac7c2526f2128affad3d1a5ef30bb1a37a7e79b5eb252e0da7a7a4d07954141f496ebca23ceea3445a5339e802b1386a9ebf1268a761d28189fe69aa99ad05a0857c31515e24f6cfc879e4c5612aeac4f199555551c80c9e9ab3601cc2ea69b1d74b140303b1c348c622372dd63ead7f626378a515bb99d47b8f7cc5d2c0e1a48077407f9d99d02e0b2715fecf642c08179a9a6eb75 
19.3.2023, 13:55:28 - DEBUG - auth.service - login with username: eden 
19.3.2023, 13:55:28 - INFO - User login:  | {"_id":"64146d70aa1a203e8d73455f","username":"eden","fullname":"eden","isAdmin":false} 
19.3.2023, 13:59:30 - DEBUG - auth.service - login with username: admin 
19.3.2023, 13:59:30 - INFO - User login:  | {"_id":"64146adef3a0a8d2555c3598","username":"admin","fullname":"admin","isAdmin":true} 
19.3.2023, 13:59:42 - INFO - Req was made 
19.3.2023, 13:59:42 - DEBUG - Getting Toys | {} 
19.3.2023, 13:59:55 - DEBUG - requireAuth cookies | 26f004833a32807219574f1f965e572d6dc53aa65b7637d4d64a14d044b53f5952a42da97b48e2367eedc22528f5308b4e3dff1dd448c5745af8e73b380abfe8d2c78bcaa97923e2ccb52f7a0828be36795e545314eaf10604302b70ff2beba0a3bba508b25baa7b9cd98f6e03385c6ba656d040e535abf4890f62f4c0a6e3bdf7b09dd34059b0bab5336a5c2d5c29147260e67f3265119df09bd68e2ae70faa5d871d89 
19.3.2023, 14:00:40 - INFO - Req was made 
19.3.2023, 14:00:40 - DEBUG - Getting Toys | {} 
19.3.2023, 14:00:47 - DEBUG - requireAuth cookies |  
19.3.2023, 14:00:47 - INFO - Req was made 
19.3.2023, 14:00:47 - DEBUG - Getting Toys | {} 
19.3.2023, 14:00:59 - INFO - Req was made 
19.3.2023, 14:00:59 - DEBUG - Getting Toys | {} 
19.3.2023, 14:01:04 - DEBUG - auth.service - login with username: admin 
19.3.2023, 14:01:04 - INFO - User login:  | {"_id":"64146adef3a0a8d2555c3598","username":"admin","fullname":"admin","isAdmin":true} 
19.3.2023, 14:01:11 - DEBUG - requireAuth cookies | 1c425862e3da08610683cac32de97641e4d1d0dd4654fb1fe4edfbd867a569f781da4bf4596813c51e2a5f4978a86b43c0e04531bb18feac003b74de42b545aab55b454cf52d74ea6d1203474e66d29bc4e0d7ef13e6c773ef1285fdfa04c0422eec0b3346f1d7d1c8aa0516314e1c8ec330f0102c2f221390318451403309918b8831b64ebb2d6d5675921e697f34a3ac7d8b94dececc8f9bf7d348b0436981f77fa290 
19.3.2023, 14:01:16 - DEBUG - requireAuth cookies | 1c425862e3da08610683cac32de97641e4d1d0dd4654fb1fe4edfbd867a569f781da4bf4596813c51e2a5f4978a86b43c0e04531bb18feac003b74de42b545aab55b454cf52d74ea6d1203474e66d29bc4e0d7ef13e6c773ef1285fdfa04c0422eec0b3346f1d7d1c8aa0516314e1c8ec330f0102c2f221390318451403309918b8831b64ebb2d6d5675921e697f34a3ac7d8b94dececc8f9bf7d348b0436981f77fa290 
19.3.2023, 14:20:45 - INFO - Server is running on port: 3030 
19.3.2023, 14:21:12 - INFO - Server is running on port: 3030 
19.3.2023, 14:21:19 - INFO - Req was made 
19.3.2023, 14:21:19 - DEBUG - Getting Toys | {} 
19.3.2023, 14:21:29 - INFO - Server is running on port: 3030 
19.3.2023, 14:21:58 - INFO - Req was made 
19.3.2023, 14:21:58 - DEBUG - Getting Toys | {} 
19.3.2023, 14:22:12 - INFO - Server is running on port: 3030 
19.3.2023, 14:29:23 - INFO - Req was made 
19.3.2023, 14:29:23 - DEBUG - Getting Toys | {} 
19.3.2023, 14:29:38 - DEBUG - auth.service - login with username: eden 
19.3.2023, 14:29:39 - INFO - User login:  | {"_id":"64146d70aa1a203e8d73455f","username":"eden","fullname":"eden","isAdmin":false} 
19.3.2023, 14:32:08 - INFO - Req was made 
19.3.2023, 14:32:08 - DEBUG - Getting Toys | {} 
19.3.2023, 14:32:40 - INFO - Req was made 
19.3.2023, 14:32:40 - DEBUG - Getting Toys | {} 
19.3.2023, 14:34:26 - DEBUG - loggedinUser |  
19.3.2023, 14:36:27 - DEBUG - loggedinUser |  
19.3.2023, 14:38:03 - INFO - Req was made 
19.3.2023, 14:38:03 - DEBUG - Getting Toys | {} 
19.3.2023, 14:38:06 - DEBUG - Getting Toys | {} 
19.3.2023, 14:38:06 - INFO - Req was made 
19.3.2023, 14:39:02 - INFO - Req was made 
19.3.2023, 14:39:02 - DEBUG - Getting Toys | {} 
19.3.2023, 14:39:38 - INFO - Req was made 
19.3.2023, 14:39:38 - DEBUG - Getting Toys | {} 
19.3.2023, 14:39:47 - DEBUG - loggedinUser |  
19.3.2023, 14:41:24 - INFO - Req was made 
19.3.2023, 14:41:24 - DEBUG - Getting Toys | {} 
19.3.2023, 14:41:47 - DEBUG - loggedinUser |  
19.3.2023, 14:43:02 - DEBUG - Getting Toys | {} 
19.3.2023, 14:43:02 - INFO - Req was made 
19.3.2023, 14:43:08 - DEBUG - loggedinUser |  
19.3.2023, 15:01:25 - INFO - Server is running on port: 3030 
19.3.2023, 15:01:31 - INFO - Req was made 
19.3.2023, 15:01:31 - DEBUG - Getting Toys | {} 
19.3.2023, 15:01:35 - INFO - Req was made 
19.3.2023, 15:01:35 - DEBUG - Getting Toys | {} 
19.3.2023, 15:03:23 - INFO - Req was made 
19.3.2023, 15:03:23 - DEBUG - Getting Toys | {} 
19.3.2023, 15:03:49 - INFO - Server is running on port: 3030 
19.3.2023, 15:03:51 - INFO - Req was made 
19.3.2023, 15:03:51 - DEBUG - Getting Toys | {} 
19.3.2023, 15:03:51 - ERROR - Failed to get toys | ReferenceError: toys is not defined 
19.3.2023, 15:04:02 - INFO - Server is running on port: 3030 
19.3.2023, 15:04:49 - INFO - Server is running on port: 3030 
19.3.2023, 15:07:48 - INFO - Server is running on port: 3030 
19.3.2023, 15:18:01 - INFO - Req was made 
19.3.2023, 15:18:01 - DEBUG - Getting Toys | {} 
19.3.2023, 16:21:56 - INFO - Server is running on port: 3030 
19.3.2023, 16:22:01 - INFO - Req was made 
19.3.2023, 16:22:01 - DEBUG - Getting Toys | {} 
19.3.2023, 16:22:30 - INFO - Server is running on port: 3030 
19.3.2023, 16:38:58 - INFO - Server is running on port: 3030 
19.3.2023, 16:41:18 - INFO - Req was made 
19.3.2023, 16:41:18 - DEBUG - Getting Toys | {} 
19.3.2023, 16:41:24 - DEBUG - auth.service - login with username: admin 
19.3.2023, 16:41:24 - INFO - User login:  | {"_id":"64146adef3a0a8d2555c3598","username":"admin","fullname":"admin","isAdmin":true} 
19.3.2023, 16:41:31 - INFO - Req was made 
19.3.2023, 16:41:31 - DEBUG - Getting Toys | {} 
19.3.2023, 16:41:35 - INFO - Req was made 
19.3.2023, 16:41:35 - DEBUG - Getting Toys | {} 
19.3.2023, 16:41:42 - DEBUG - auth.service - login with username: admin 
19.3.2023, 16:41:42 - INFO - User login:  | {"_id":"64146adef3a0a8d2555c3598","username":"admin","fullname":"admin","isAdmin":true} 
19.3.2023, 16:41:46 - INFO - Req was made 
19.3.2023, 16:41:46 - DEBUG - Getting Toys | {} 
19.3.2023, 16:42:19 - INFO - Req was made 
19.3.2023, 16:42:19 - DEBUG - Getting Toys | {} 
19.3.2023, 16:42:33 - DEBUG - auth.service - login with username: admin 
19.3.2023, 16:42:33 - INFO - User login:  | {"_id":"64146adef3a0a8d2555c3598","username":"admin","fullname":"admin","isAdmin":true} 
19.3.2023, 16:47:15 - INFO - Server is running on port: 3030 
19.3.2023, 16:47:35 - INFO - Server is running on port: 3030 
19.3.2023, 16:51:22 - INFO - Server is running on port: 3030 
19.3.2023, 16:52:46 - INFO - Server is running on port: 3030 
19.3.2023, 16:54:01 - INFO - Server is running on port: 3030 
19.3.2023, 16:56:37 - INFO - Server is running on port: 3030 
19.3.2023, 16:56:47 - INFO - Req was made 
19.3.2023, 16:56:47 - ERROR - while finding user 641722af6bb5a100328ad93b | TypeError: Cannot convert undefined or null to object 
19.3.2023, 16:56:47 - ERROR - Failed to add review | TypeError: Cannot convert undefined or null to object 
